<?xml version="1.0" encoding="UTF-8"?>
<testsuite name="xl.AppTest" tests="2" skipped="0" failures="0" errors="0" timestamp="2021-10-20T12:19:32" hostname="Simons-MacBook-Pro-2.local" time="0.018">
  <properties/>
  <testcase name="syntaxErrorTest" classname="xl.AppTest" time="0.017"/>
  <testcase name="circularityTest" classname="xl.AppTest" time="0.001"/>
  <system-out><![CDATA[]]></system-out>
  <system-err><![CDATA[]]></system-err>
</testsuite>
